TN:
SF:src/modules/users/services/AuthenticateUserService.ts
FN:21,AuthenticateUserService
FN:28,execute
FNF:2
FNH:2
FNDA:3,AuthenticateUserService
FNDA:3,execute
DA:1,1
DA:2,1
DA:3,1
DA:4,1
DA:5,1
DA:6,1
DA:7,1
DA:8,1
DA:9,1
DA:10,1
DA:11,1
DA:12,1
DA:13,1
DA:14,1
DA:15,1
DA:16,1
DA:17,1
DA:18,1
DA:19,1
DA:20,1
DA:21,1
DA:22,3
DA:23,3
DA:24,3
DA:25,3
DA:26,3
DA:27,1
DA:28,1
DA:29,3
DA:30,3
DA:31,3
DA:32,1
DA:33,1
DA:34,2
DA:35,2
DA:36,2
DA:37,2
DA:38,2
DA:39,3
DA:40,1
DA:41,1
DA:42,1
DA:43,3
DA:44,0
DA:45,0
DA:46,1
DA:47,1
DA:48,1
DA:49,1
DA:50,1
DA:51,1
DA:52,1
DA:53,1
DA:54,1
DA:55,1
DA:56,1
LF:56
LH:54
BRDA:23,0,0,0
BRDA:23,1,0,0
BRDA:25,2,0,0
BRDA:25,3,0,0
BRDA:21,4,0,3
BRDA:28,5,0,3
BRDA:30,6,0,3
BRDA:31,7,0,1
BRDA:34,8,0,2
BRDA:39,9,0,1
BRDA:43,10,0,0
BRDA:46,11,0,1
BRF:12
BRH:7
end_of_record
TN:
SF:src/modules/users/services/CreateUserService.ts
FN:16,CreateUserService
FN:24,execute
FNF:2
FNH:2
FNDA:5,CreateUserService
FNDA:5,execute
DA:1,1
DA:2,1
DA:3,1
DA:4,1
DA:5,1
DA:6,1
DA:7,1
DA:8,1
DA:9,1
DA:10,1
DA:11,1
DA:12,1
DA:13,1
DA:14,1
DA:15,1
DA:16,1
DA:17,5
DA:18,5
DA:19,5
DA:20,5
DA:21,5
DA:22,5
DA:23,1
DA:24,1
DA:25,5
DA:26,5
DA:27,5
DA:28,1
DA:29,1
DA:30,4
DA:31,4
DA:32,4
DA:33,4
DA:34,4
DA:35,4
DA:36,4
DA:37,4
DA:38,4
DA:39,4
DA:40,4
DA:41,4
DA:42,4
DA:43,1
LF:43
LH:43
BRDA:18,0,0,0
BRDA:18,1,0,0
BRDA:21,2,0,0
BRDA:21,3,0,0
BRDA:16,4,0,5
BRDA:24,5,0,5
BRDA:26,6,0,5
BRDA:27,7,0,1
BRDA:30,8,0,4
BRF:9
BRH:5
end_of_record
TN:
SF:src/modules/users/services/ResetPasswordService.ts
FN:16,ResetPasswordService
FN:27,execute
FNF:2
FNH:2
FNDA:5,ResetPasswordService
FNDA:5,execute
DA:1,1
DA:2,1
DA:3,1
DA:4,1
DA:5,1
DA:6,1
DA:7,1
DA:8,1
DA:9,1
DA:10,1
DA:11,1
DA:12,1
DA:13,1
DA:14,1
DA:15,1
DA:16,1
DA:17,5
DA:18,5
DA:19,5
DA:20,5
DA:21,5
DA:22,5
DA:23,5
DA:24,5
DA:25,5
DA:26,1
DA:27,1
DA:28,5
DA:29,5
DA:30,5
DA:31,5
DA:32,5
DA:33,5
DA:34,5
DA:35,1
DA:36,1
DA:37,5
DA:38,2
DA:39,2
DA:40,2
DA:41,2
DA:42,5
DA:43,1
DA:44,1
DA:45,1
DA:46,1
DA:47,5
DA:48,0
DA:49,0
DA:50,1
DA:51,1
DA:52,1
DA:53,1
DA:54,1
LF:54
LH:52
BRDA:18,0,0,0
BRDA:18,1,0,0
BRDA:21,2,0,0
BRDA:21,3,0,0
BRDA:24,4,0,0
BRDA:24,5,0,0
BRDA:16,6,0,5
BRDA:27,7,0,5
BRDA:33,8,0,5
BRDA:34,9,0,1
BRDA:37,10,0,4
BRDA:37,11,0,2
BRDA:42,12,0,1
BRDA:47,13,0,0
BRDA:50,14,0,1
BRF:15
BRH:8
end_of_record
TN:
SF:src/modules/users/services/ShowProfileService.ts
FN:13,ShowProfileService
FN:18,execute
FNF:2
FNH:2
FNDA:2,ShowProfileService
FNDA:2,execute
DA:1,1
DA:2,1
DA:3,1
DA:4,1
DA:5,1
DA:6,1
DA:7,1
DA:8,1
DA:9,1
DA:10,1
DA:11,1
DA:12,1
DA:13,1
DA:14,2
DA:15,2
DA:16,2
DA:17,1
DA:18,1
DA:19,2
DA:20,2
DA:21,1
DA:22,1
DA:23,1
DA:24,1
DA:25,1
LF:25
LH:25
BRDA:15,0,0,0
BRDA:15,1,0,0
BRDA:13,2,0,2
BRDA:18,3,0,2
BRDA:20,4,0,2
BRDA:20,5,0,1
BRF:6
BRH:4
end_of_record
TN:
SF:src/modules/users/services/UpdateProfileService.ts
FN:21,UpdateProfileService
FN:29,execute
FNF:2
FNH:2
FNDA:6,UpdateProfileService
FNDA:6,execute
DA:1,1
DA:2,1
DA:3,1
DA:4,1
DA:5,1
DA:6,1
DA:7,1
DA:8,1
DA:9,1
DA:10,1
DA:11,1
DA:12,1
DA:13,1
DA:14,1
DA:15,1
DA:16,1
DA:17,1
DA:18,1
DA:19,1
DA:20,1
DA:21,1
DA:22,6
DA:23,6
DA:24,6
DA:25,6
DA:26,6
DA:27,6
DA:28,1
DA:29,1
DA:30,6
DA:31,6
DA:32,6
DA:33,6
DA:34,6
DA:35,6
DA:36,6
DA:37,6
DA:38,1
DA:39,1
DA:40,5
DA:41,5
DA:42,6
DA:43,1
DA:44,1
DA:45,6
DA:46,1
DA:47,1
DA:48,6
DA:49,2
DA:50,2
DA:51,2
DA:52,2
DA:53,6
DA:54,1
DA:55,1
DA:56,2
DA:57,2
DA:58,2
DA:59,1
LF:59
LH:59
BRDA:23,0,0,0
BRDA:23,1,0,0
BRDA:26,2,0,0
BRDA:26,3,0,0
BRDA:21,4,0,6
BRDA:29,5,0,6
BRDA:37,6,0,6
BRDA:37,7,0,1
BRDA:40,8,0,5
BRDA:42,9,0,1
BRDA:42,10,0,1
BRDA:45,11,0,4
BRDA:45,12,0,3
BRDA:45,13,0,1
BRDA:48,14,0,3
BRDA:48,15,0,2
BRDA:48,16,0,2
BRDA:50,17,0,1
BRDA:53,18,0,1
BRDA:56,19,0,2
BRF:20
BRH:16
end_of_record
